[debug] [2026-03-22T15:21:43.535Z] ----------------------------------------------------------------------
[debug] [2026-03-22T15:21:43.536Z] Command:       /usr/local/bin/node /Users/vijaydhyani/.npm/_npx/7750544ccf494d8b/node_modules/.bin/firebase deploy --only hosting
[debug] [2026-03-22T15:21:43.536Z] CLI Version:   15.11.0
[debug] [2026-03-22T15:21:43.536Z] Platform:      darwin
[debug] [2026-03-22T15:21:43.536Z] Node Version:  v22.18.0
[debug] [2026-03-22T15:21:43.536Z] Time:          Sun Mar 22 2026 20:51:43 GMT+0530 (India Standard Time)
[debug] [2026-03-22T15:21:43.536Z] ----------------------------------------------------------------------
[debug] 
[debug] [2026-03-22T15:21:44.146Z] > command requires scopes: ["email","openid","https://www.googleapis.com/auth/cloudplatformprojects.readonly","https://www.googleapis.com/auth/firebase","https://www.googleapis.com/auth/cloud-platform"]
[debug] [2026-03-22T15:21:44.146Z] > authorizing via signed-in user (vijay97dhyani@gmail.com)
[debug] [2026-03-22T15:21:44.146Z] [iam] checking project vendtrack-149b7 for permissions ["firebase.projects.get","firebasehosting.sites.update"]
[debug] [2026-03-22T15:21:44.146Z] Checked if tokens are valid: true, expires at: 1774195529059
[debug] [2026-03-22T15:21:44.146Z] Checked if tokens are valid: true, expires at: 1774195529059
[debug] [2026-03-22T15:21:44.147Z] >>> [apiv2][query] POST https://cloudresourcemanager.googleapis.com/v1/projects/vendtrack-149b7:testIamPermissions [none]
[debug] [2026-03-22T15:21:44.147Z] >>> [apiv2][(partial)header] POST https://cloudresourcemanager.googleapis.com/v1/projects/vendtrack-149b7:testIamPermissions  x-goog-user-project=vendtrack-149b7
[debug] [2026-03-22T15:21:44.147Z] >>> [apiv2][body] POST https://cloudresourcemanager.googleapis.com/v1/projects/vendtrack-149b7:testIamPermissions {"permissions":["firebase.projects.get","firebasehosting.sites.update"]}
[debug] [2026-03-22T15:21:45.620Z] <<< [apiv2][status] POST https://cloudresourcemanager.googleapis.com/v1/projects/vendtrack-149b7:testIamPermissions 200
[debug] [2026-03-22T15:21:45.620Z] <<< [apiv2][body] POST https://cloudresourcemanager.googleapis.com/v1/projects/vendtrack-149b7:testIamPermissions {"permissions":["firebase.projects.get","firebasehosting.sites.update"]}
[debug] [2026-03-22T15:21:45.620Z] Checked if tokens are valid: true, expires at: 1774195529059
[debug] [2026-03-22T15:21:45.620Z] Checked if tokens are valid: true, expires at: 1774195529059
[debug] [2026-03-22T15:21:45.620Z] >>> [apiv2][query] GET https://firebase.googleapis.com/v1beta1/projects/vendtrack-149b7 [none]
[debug] [2026-03-22T15:21:46.337Z] <<< [apiv2][status] GET https://firebase.googleapis.com/v1beta1/projects/vendtrack-149b7 200
[debug] [2026-03-22T15:21:46.337Z] <<< [apiv2][body] GET https://firebase.googleapis.com/v1beta1/projects/vendtrack-149b7 {"projectId":"vendtrack-149b7","projectNumber":"957357999897","displayName":"vendtrack","name":"projects/vendtrack-149b7","resources":{"hostingSite":"vendtrack-149b7"},"state":"ACTIVE","etag":"1_63bbe490-79b7-4d57-86d8-dab004768caa"}
[debug] [2026-03-22T15:21:46.755Z] Checked if tokens are valid: true, expires at: 1774195529059
[debug] [2026-03-22T15:21:46.755Z] Checked if tokens are valid: true, expires at: 1774195529059
[debug] [2026-03-22T15:21:46.755Z] >>> [apiv2][query] GET https://firebasehosting.googleapis.com/v1beta1/projects/vendtrack-149b7/sites pageToken=&pageSize=10
[debug] [2026-03-22T15:21:47.976Z] <<< [apiv2][status] GET https://firebasehosting.googleapis.com/v1beta1/projects/vendtrack-149b7/sites 200
[debug] [2026-03-22T15:21:47.976Z] <<< [apiv2][body] GET https://firebasehosting.googleapis.com/v1beta1/projects/vendtrack-149b7/sites {"sites":[{"name":"projects/vendtrack-149b7/sites/vendtrack-149b7","defaultUrl":"https://vendtrack-149b7.web.app","appId":"1:957357999897:web:91d30384824249488ea788","type":"DEFAULT_SITE"}]}
[debug] [2026-03-22T15:21:47.976Z] Checked if tokens are valid: true, expires at: 1774195529059
[debug] [2026-03-22T15:21:47.976Z] Checked if tokens are valid: true, expires at: 1774195529059
[debug] [2026-03-22T15:21:47.977Z] >>> [apiv2][query] GET https://firebase.googleapis.com/v1beta1/projects/-/webApps/1:957357999897:web:91d30384824249488ea788/config [none]
[debug] [2026-03-22T15:21:48.959Z] <<< [apiv2][status] GET https://firebase.googleapis.com/v1beta1/projects/-/webApps/1:957357999897:web:91d30384824249488ea788/config 200
[debug] [2026-03-22T15:21:48.959Z] <<< [apiv2][body] GET https://firebase.googleapis.com/v1beta1/projects/-/webApps/1:957357999897:web:91d30384824249488ea788/config {"projectId":"vendtrack-149b7","appId":"1:957357999897:web:91d30384824249488ea788","storageBucket":"vendtrack-149b7.firebasestorage.app","apiKey":"AIzaSyD5TsV6amupod7cjOCxRTv7IoyQElrpB8w","authDomain":"vendtrack-149b7.firebaseapp.com","messagingSenderId":"957357999897","measurementId":"G-G48NJGBE9K","projectNumber":"957357999897","version":"2"}
[info] 
   Thank you for trying our early preview of Next.js support on Firebase Hosting.
   During the preview, support is best-effort and breaking changes can be expected. Proceed with caution.
   The integration is known to work with Next.js version 12 - 15.0. You may encounter errors.

   Documentation: https://firebase.google.com/docs/hosting/frameworks/nextjs
   File a bug: https://github.com/firebase/firebase-tools/issues/new?template=bug_report.md
   Submit a feature request: https://github.com/firebase/firebase-tools/issues/new?template=feature_request.md

   We'd love to learn from you. Express your interest in helping us shape the future of Firebase Hosting: https://goo.gle/41enW5X

[debug] [2026-03-22T15:21:49.910Z] Checked if tokens are valid: true, expires at: 1774195529059
[debug] [2026-03-22T15:21:49.910Z] Checked if tokens are valid: true, expires at: 1774195529059
[debug] [2026-03-22T15:21:49.910Z] >>> [apiv2][query] GET https://firebasehosting.googleapis.com/v1beta1/projects/vendtrack-149b7/sites/vendtrack-149b7 [none]
[debug] [2026-03-22T15:21:50.522Z] <<< [apiv2][status] GET https://firebasehosting.googleapis.com/v1beta1/projects/vendtrack-149b7/sites/vendtrack-149b7 200
[debug] [2026-03-22T15:21:50.522Z] <<< [apiv2][body] GET https://firebasehosting.googleapis.com/v1beta1/projects/vendtrack-149b7/sites/vendtrack-149b7 {"name":"projects/vendtrack-149b7/sites/vendtrack-149b7","defaultUrl":"https://vendtrack-149b7.web.app","appId":"1:957357999897:web:91d30384824249488ea788","type":"DEFAULT_SITE"}
[info] ⚠ Warning: Next.js inferred your workspace root, but it may not be correct.
 We detected multiple lockfiles and selected the directory of /Volumes/External T7 /Coding/package-lock.json as the root directory.
 To silence this warning, set `turbopack.root` in your Next.js config, or consider removing one of the lockfiles if it's not needed.
   See https://nextjs.org/docs/app/api-reference/config/next-config-js/turbopack#root-directory for more information.
 Detected additional lockfiles: 
   * /Volumes/External T7 /Coding/vendtrack/package-lock.json


[info] ▲ Next.js 16.2.1 (Turbopack)

[info] 

[info]   Creating an optimized production build ...

[info] ✓ Compiled successfully in 1167ms

[info]   Running TypeScript ...

[info]   Finished TypeScript in 1042ms ...

[info]   Collecting page data using 9 workers ...

[info]   Generating static pages using 9 workers (0/9) ...

